android/app/build/outputs/mapping/release/seeds.txt
com.fagetti.ees.MainActivity
com.fagetti.ees.MainActivity: MainActivity()
...
androidx.core.view.ViewCompat$Api28Impl: java.lang.Object requireViewById(android.view.View,int)
androidx.datastore.preferences.protobuf.FieldType$Collection: androidx.datastore.preferences.protobuf.FieldType$Collection valueOf(java.lang.String)
io.flutter.embedding.engine.FlutterJNI: void destroyOverlaySurfaces()
com.google.firebase.firestore.core.Query$LimitType: com.google.firebase.firestore.core.Query$LimitType valueOf(java.lang.String)
com.dexterous.flutterlocalnotifications.models.BitmapSource: BitmapSource(java.lang.String,int)
io.flutter.plugin.editing.TextInputPlugin$InputTarget$Type: io.flutter.plugin.editing.TextInputPlugin$InputTarget$Type[] values()
com.amolg.flutterbarcodescanner.camera.GraphicOverlay: GraphicOverlay(android.content.Context,android.util.AttributeSet)
io.flutter.plugins.GeneratedPluginRegistrant: GeneratedPluginRegistrant()
androidx.profileinstaller.FileSectionType: androidx.profileinstaller.FileSectionType[] values()
androidx.core.view.WindowInsetsCompat$Impl21: boolean isConsumed()
com.google.android.material.appbar.AppBarLayout$BaseBehavior: AppBarLayout$BaseBehavior()
io.flutter.plugins.imagepicker.Messages$CacheRetrievalType: io.flutter.plugins.imagepicker.Messages$CacheRetrievalType[] values()
io.flutter.plugins.firebase.firestore.GeneratedAndroidFirebaseFirestore$PigeonTransactionType: io.flutter.plugins.firebase.firestore.GeneratedAndroidFirebaseFirestore$PigeonTransactionType valueOf(java.lang.String)
androidx.core.os.BundleApi21ImplKt: void putSize(android.os.Bundle,java.lang.String,android.util.Size)
io.flutter.embedding.engine.systemchannels.TextInputChannel$TextInputType: io.flutter.embedding.engine.systemchannels.TextInputChannel$TextInputType[] values()
io.flutter.plugins.firebase.core.FlutterFirebasePlugin: com.google.android.gms.tasks.Task didReinitializeFirebaseCore()
com.google.firebase.datatransport.TransportRegistrar: TransportRegistrar()
androidx.appcompat.widget.LinearLayoutCompat: void setMeasureWithLargestChildEnabled(boolean)
androidx.appcompat.widget.MenuPopupWindow$Api23Impl: void setEnterTransition(android.widget.PopupWindow,android.transition.Transition)
com.google.firebase.installations.FirebaseInstallationsException$Status: com.google.firebase.installations.FirebaseInstallationsException$Status valueOf(java.lang.String)
androidx.appcompat.widget.AppCompatButton: int[] getAutoSizeTextAvailableSizes()
androidx.core.view.accessibility.AccessibilityNodeInfoCompat$Api34Impl: boolean hasRequestInitialAccessibilityFocus(android.view.accessibility.AccessibilityNodeInfo)
com.dexterous.flutterlocalnotifications.FlutterLocalNotificationsPlugin: long calculateRepeatIntervalMilliseconds(com.dexterous.flutterlocalnotifications.models.NotificationDetails)
androidx.core.widget.NestedScrollView: float getTopFadingEdgeStrength()
com.google.firebase.firestore.model.FieldIndex$Segment$Kind: com.google.firebase.firestore.model.FieldIndex$Segment$Kind valueOf(java.lang.String)
com.dexterous.flutterlocalnotifications.models.RepeatInterval: com.dexterous.flutterlocalnotifications.models.RepeatInterval[] $values()
androidx.core.app.NotificationCompatBuilder$Api20Impl: java.lang.String getGroup(android.app.Notification)
com.google.android.material.textfield.TextInputLayout: void setBoxBackgroundColor(int)
androidx.constraintlayout.widget.ConstraintLayout: void setOnConstraintsChanged(androidx.constraintlayout.widget.ConstraintsChangedListener)
androidx.core.view.ViewCompat$Api29Impl: void saveAttributeDataForStyleable(android.view.View,android.content.Context,int[],android.util.AttributeSet,android.content.res.TypedArray,int,int)
com.google.android.gms.internal.mlkit_vision_face.zzjy: com.google.android.gms.internal.mlkit_vision_face.zzjy[] values()
com.google.android.gms.vision.face.internal.client.LandmarkParcel: LandmarkParcel(int,float,float,int)
com.google.android.material.textfield.TextInputLayout: java.lang.CharSequence getHint()