android/app/build/outputs/mapping/release/mapping.txt
# compiler: R8
# compiler_version: 8.0.46
# min_api: 26
# common_typos_disable
# {"id":"com.android.tools.r8.mapping","version":"2.1"}
# pg_map_id: 363f66d
# pg_map_hash: SHA-256 363f66d1ebf0aa21823cfccfa9df66363deb84c3b0f8a4448a47ec2319a9af81
...
kotlin.ranges.IntProgressionIterator -> nb.b:
    int next -> i
    int step -> f
    int finalElement -> g
    boolean hasNext -> h
    0:26:void <init>(int,int,int):0:0 -> <init>
    0:25:int nextInt():0:0 -> b
    0:2:boolean hasNext():0:0 -> hasNext
kotlin.ranges.IntRange -> nb.c:
    kotlin.ranges.IntRange$Companion Companion -> j
    kotlin.ranges.IntRange EMPTY -> k
    0:17:void <clinit>():0:0 -> <clinit>
    0:4:void <init>(int,int):0:0 -> <init>
    0:2:kotlin.ranges.IntRange access$getEMPTY$cp():0:0 -> B
    0:15:boolean contains(int):0:0 -> C
    0:8:java.lang.Integer getEndInclusive():0:0 -> D
    0:8:java.lang.Integer getStart():0:0 -> E
    0:44:boolean equals(java.lang.Object):0:0 -> equals
    0:19:int hashCode():0:0 -> hashCode
    0:13:boolean isEmpty():0:0 -> isEmpty
    0:28:java.lang.String toString():0:0 -> toString
kotlin.ranges.IntRange$Companion -> nb.c$a:
    1:1:void <init>(kotlin.jvm.internal.DefaultConstructorMarker):0:0 -> <init>
    0:4:kotlin.ranges.IntRange getEMPTY():0:0 -> a
kotlin.ranges.RangesKt -> nb.d:
    0:4:int coerceAtLeast(int,int):0:0 -> a
      # {"id":"com.android.tools.r8.synthesized"}
    0:4:int coerceAtMost(int,int):0:0 -> b
      # {"id":"com.android.tools.r8.synthesized"}
    0:4:long coerceAtMost(long,long):0:0 -> c
      # {"id":"com.android.tools.r8.synthesized"}
    0:4:int coerceIn(int,int,int):0:0 -> d
      # {"id":"com.android.tools.r8.synthesized"}
    0:4:kotlin.ranges.IntProgression downTo(int,int):0:0 -> e
      # {"id":"com.android.tools.r8.synthesized"}
    0:4:kotlin.ranges.IntRange until(int,int):0:0 -> f
      # {"id":"com.android.tools.r8.synthesized"}
kotlin.ranges.RangesKt__RangesKt -> nb.e:
kotlin.ranges.RangesKt___RangesKt -> nb.f:
    0:3:int coerceAtLeast(int,int):0:0 -> a
    0:3:int coerceAtMost(int,int):0:0 -> b
    0:5:long coerceAtMost(long,long):0:0 -> c
    0:44:int coerceIn(int,int,int):0:0 -> d
    0:7:kotlin.ranges.IntProgression downTo(int,int):0:0 -> e
    0:18:kotlin.ranges.IntRange until(int,int):0:0 -> f
kotlin.reflect.KCallable -> ob.a:
kotlin.reflect.KClass -> ob.b:
    java.lang.String getQualifiedName() -> a
    boolean isInstance(java.lang.Object) -> b
    java.lang.String getSimpleName() -> c
kotlin.reflect.KClasses -> ob.c:
    0:43:java.lang.Object cast(kotlin.reflect.KClass,java.lang.Object):0:0 -> a
kotlin.reflect.KDeclarationContainer -> ob.d:
kotlin.reflect.KFunction -> ob.e:
kotlin.reflect.KProperty -> ob.h:
kotlin.reflect.KProperty0 -> ob.f:
kotlin.reflect.KProperty1 -> ob.g:
    kotlin.reflect.KProperty1$Getter getGetter() -> j
kotlin.reflect.KProperty1$Getter -> ob.g$a:
kotlin.sequences.ConstrainedOnceSequence -> pb.a:
    java.util.concurrent.atomic.AtomicReference sequenceRef -> a
    0:15:void <init>(kotlin.sequences.Sequence):0:0 -> <init>
    0:23:java.util.Iterator iterator():0:0 -> iterator
kotlin.sequences.GeneratorSequence -> pb.b:
    kotlin.jvm.functions.Function1 getNextValue -> b
    kotlin.jvm.functions.Function0 getInitialValue -> a
    0:17:void <init>(kotlin.jvm.functions.Function0,kotlin.jvm.functions.Function1):0:0 -> <init>
    0:2:kotlin.jvm.functions.Function0 access$getGetInitialValue$p(kotlin.sequences.GeneratorSequence):0:0 -> a
    0:2:kotlin.jvm.functions.Function1 access$getGetNextValue$p(kotlin.sequences.GeneratorSequence):0:0 -> b
    0:5:java.util.Iterator iterator():0:0 -> iterator
kotlin.sequences.GeneratorSequence$iterator$1 -> pb.b$a:
    java.lang.Object nextItem -> f
    int nextState -> g
    kotlin.sequences.GeneratorSequence this$0 -> h
    0:8:void <init>(kotlin.sequences.GeneratorSequence):0:0 -> <init>
    0:40:void calcNext():0:0 -> b
    0:14:boolean hasNext():0:0 -> hasNext
    0:27:java.lang.Object next():0:0 -> next
    0:7:void remove():0:0 -> remove
kotlin.sequences.Sequence -> pb.c: