android/app/build/outputs/mapping/release/usage.txt
com.fagetti.ees.R$drawable
com.fagetti.ees.R$mipmap
com.fagetti.ees.R$string
com.fagetti.ees.R$style
com.fagetti.ees.R
...
androidx.constraintlayout.motion.widget.KeyCycleOscillator$TranslationZset
androidx.constraintlayout.motion.widget.KeyCycleOscillator$WavePoint
androidx.constraintlayout.motion.widget.KeyCycleOscillator
androidx.constraintlayout.motion.widget.KeyFrames
androidx.constraintlayout.motion.widget.KeyPosition$Loader
androidx.constraintlayout.motion.widget.KeyPosition
androidx.constraintlayout.motion.widget.KeyPositionBase
androidx.constraintlayout.motion.widget.KeyTimeCycle$Loader
androidx.constraintlayout.motion.widget.KeyTimeCycle
androidx.constraintlayout.motion.widget.KeyTrigger$Loader
androidx.constraintlayout.motion.widget.KeyTrigger
androidx.constraintlayout.motion.widget.MotionConstrainedPoint
androidx.constraintlayout.motion.widget.MotionController
androidx.constraintlayout.motion.widget.MotionHelper
androidx.constraintlayout.motion.widget.MotionInterpolator
androidx.constraintlayout.motion.widget.MotionLayout$1
androidx.constraintlayout.motion.widget.MotionLayout$2
androidx.constraintlayout.motion.widget.MotionLayout$DecelerateInterpolator
androidx.constraintlayout.motion.widget.MotionLayout$DevModeDraw
androidx.constraintlayout.motion.widget.MotionLayout$Model
androidx.constraintlayout.motion.widget.MotionLayout$MotionTracker
androidx.constraintlayout.motion.widget.MotionLayout$MyTracker
androidx.constraintlayout.motion.widget.MotionLayout$StateCache
androidx.constraintlayout.motion.widget.MotionLayout$TransitionListener
androidx.constraintlayout.motion.widget.MotionLayout$TransitionState
androidx.constraintlayout.motion.widget.MotionLayout
androidx.constraintlayout.motion.widget.MotionPaths
androidx.constraintlayout.motion.widget.MotionScene$1
androidx.constraintlayout.motion.widget.MotionScene$Transition$TransitionOnClick
androidx.constraintlayout.motion.widget.MotionScene$Transition
androidx.constraintlayout.motion.widget.MotionScene
androidx.constraintlayout.motion.widget.ProxyInterface
androidx.constraintlayout.motion.widget.SplineSet$AlphaSet
androidx.constraintlayout.motion.widget.SplineSet$CustomSet
androidx.constraintlayout.motion.widget.SplineSet$ElevationSet
androidx.constraintlayout.motion.widget.SplineSet$PathRotate
androidx.constraintlayout.motion.widget.SplineSet$PivotXset
androidx.constraintlayout.motion.widget.SplineSet$PivotYset
androidx.constraintlayout.motion.widget.SplineSet$ProgressSet
androidx.constraintlayout.motion.widget.SplineSet$RotationSet
androidx.constraintlayout.motion.widget.SplineSet$RotationXset
androidx.constraintlayout.motion.widget.SplineSet$RotationYset
androidx.constraintlayout.motion.widget.SplineSet$ScaleXset
androidx.constraintlayout.motion.widget.SplineSet$ScaleYset
androidx.constraintlayout.motion.widget.SplineSet$Sort
androidx.constraintlayout.motion.widget.SplineSet$TranslationXset
androidx.constraintlayout.motion.widget.SplineSet$TranslationYset
androidx.constraintlayout.motion.widget.SplineSet$TranslationZset
androidx.constraintlayout.motion.widget.SplineSet
androidx.constraintlayout.motion.widget.TimeCycleSplineSet$AlphaSet
androidx.constraintlayout.motion.widget.TimeCycleSplineSet$CustomSet
androidx.constraintlayout.motion.widget.TimeCycleSplineSet$ElevationSet
androidx.constraintlayout.motion.widget.TimeCycleSplineSet$PathRotate
androidx.constraintlayout.motion.widget.TimeCycleSplineSet$ProgressSet
androidx.constraintlayout.motion.widget.TimeCycleSplineSet$RotationSet
androidx.constraintlayout.motion.widget.TimeCycleSplineSet$RotationXset
androidx.constraintlayout.motion.widget.TimeCycleSplineSet$RotationYset
androidx.constraintlayout.motion.widget.TimeCycleSplineSet$ScaleXset
androidx.constraintlayout.motion.widget.TimeCycleSplineSet$ScaleYset
androidx.constraintlayout.motion.widget.TimeCycleSplineSet$Sort
androidx.constraintlayout.motion.widget.TimeCycleSplineSet$TranslationXset
androidx.constraintlayout.motion.widget.TimeCycleSplineSet$TranslationYset
androidx.constraintlayout.motion.widget.TimeCycleSplineSet$TranslationZset